<?xml version="1.0" encoding="UTF-8"?>
<!-- Generated by org.testng.reporters.JUnitReportReporter -->
<testsuite hostname="DELC02N11GPFD57.sea.corp.expecn.com" name="com.rawatJi.localhost_driverclose" tests="1" failures="0" timestamp="4 Sep 2016 05:40:38 GMT" time="4.993" errors="0">
  <testcase name="test" time="4.993" classname="com.rawatJi.localhost_driverclose"/>
</testsuite> <!-- com.rawatJi.localhost_driverclose -->
