<?xml version="1.0" encoding="UTF-8"?>
<!-- Generated by org.testng.reporters.JUnitReportReporter -->
<testsuite hostname="DELC02N11GPFD57.sea.corp.expecn.com" name="com.rawatJi.LoginPage_func1" tests="1" failures="0" timestamp="4 Sep 2016 07:51:39 GMT" time="17.415" errors="0">
  <testcase name="testmethod1" time="17.415" classname="com.rawatJi.LoginPage_func1"/>
</testsuite> <!-- com.rawatJi.LoginPage_func1 -->
