<?xml version="1.0" encoding="UTF-8"?>
<!-- Generated by org.testng.reporters.JUnitReportReporter -->
<testsuite hostname="DELC02N11GPFD57.sea.corp.expecn.com" name="com.rawatJi.a4_ElementStaleExcep_localhost" tests="1" failures="0" timestamp="3 Sep 2016 02:26:59 GMT" time="7.030" errors="0">
  <testcase name="Tempp1" time="7.030" classname="com.rawatJi.a4_ElementStaleExcep_localhost"/>
</testsuite> <!-- com.rawatJi.a4_ElementStaleExcep_localhost -->
