<?xml version="1.0" encoding="UTF-8"?>
<!-- Generated by org.testng.reporters.JUnitReportReporter -->
<testsuite hostname="DELC02N11GPFD57.sea.corp.expecn.com" name="com.rawatJi.A5_FbFriendList" tests="1" failures="0" timestamp="3 Sep 2016 02:29:43 GMT" time="72.926" errors="0">
  <testcase name="getFrndList" time="72.926" classname="com.rawatJi.A5_FbFriendList"/>
</testsuite> <!-- com.rawatJi.A5_FbFriendList -->
