<?xml version="1.0" encoding="UTF-8"?>
<!-- Generated by org.testng.reporters.JUnitReportReporter -->
<testsuite hostname="DELC02N11GPFD57.sea.corp.expecn.com" name="com.rawatJi.MatrimonyTest_refactored" tests="1" failures="0" timestamp="5 Sep 2016 14:39:49 GMT" time="55.483" errors="0">
  <testcase name="test1" time="55.483" classname="com.rawatJi.MatrimonyTest_refactored"/>
</testsuite> <!-- com.rawatJi.MatrimonyTest_refactored -->
