<?xml version="1.0" encoding="UTF-8"?>
<!-- Generated by org.testng.reporters.JUnitReportReporter -->
<testsuite hostname="DELC02N11GPFD57.sea.corp.expecn.com" name="com.rawatJi.a8_GoogleListSize" tests="1" failures="0" timestamp="3 Sep 2016 02:30:05 GMT" time="9.838" errors="0">
  <testcase name="getSize" time="9.838" classname="com.rawatJi.a8_GoogleListSize"/>
</testsuite> <!-- com.rawatJi.a8_GoogleListSize -->
