<?xml version="1.0" encoding="UTF-8"?>
<!-- Generated by org.testng.reporters.JUnitReportReporter -->
<testsuite hostname="DELC02N11GPFD57.sea.corp.expecn.com" name="com.rawatJi.a2_CrossDomainPolicy" tests="1" failures="0" timestamp="3 Sep 2016 00:28:45 GMT" time="45.770" errors="1">
  <testcase name="test" time="45.770" classname="com.rawatJi.a2_CrossDomainPolicy">
    <error type="org.openqa.selenium.WebDriverException" message="Failed to connect to binary FirefoxBinary(/Applications/Firefox.app/Contents/MacOS/firefox-bin) on port 7055; process output follows: 
-a285-3208198ce6fd}&quot;,&quot;syncGUID&quot;:&quot;ZTyo283v6q5H&quot;,&quot;location&quot;:&quot;app-global&quot;,&quot;version&quot;:&quot;48.0.2&quot;,&quot;type&quot;:&quot;theme&quot;,&quot;internalName&quot;:&quot;classic/1.0&quot;,&quot;updateURL&quot;:null,&quot;updateKey&quot;:null,&quot;optionsURL&quot;:null,&quot;optionsType&quot;:null,&quot;aboutURL&quot;:null,&quot;icons&quot;:{&quot;32&quot;:&quot;icon.png&quot;,&quot;48&quot;:&quot;icon.png&quot;},&quot;iconURL&quot;:null,&quot;icon64URL&quot;:null,&quot;defaultLocale&quot;:{&quot;name&quot;:&quot;Default&quot;,&quot;description&quot;:&quot;The default theme.&quot;,&quot;creator&quot;:&quot;Mozilla&quot;,&quot;homepageURL&quot;:null,&quot;contributors&quot;:[&quot;Mozilla Contributors&quot;]},&quot;visible&quot;:true,&quot;active&quot;:true,&quot;userDisabled&quot;:false,&quot;appDisabled&quot;:false,&quot;descriptor&quot;:&quot;/Applications/Firefox.app/Contents/Resources/browser/extensions/{972ce4c6-7e08-4474-a285-3208198ce6fd}.xpi&quot;,&quot;installDate&quot;:1471986202000,&quot;updateDate&quot;:1471986202000,&quot;applyBackgroundUpdates&quot;:1,&quot;skinnable&quot;:true,&quot;size&quot;:7140,&quot;sourceURI&quot;:null,&quot;releaseNotesURI&quot;:null,&quot;softDisabled&quot;:false,&quot;foreignInstall&quot;:false,&quot;hasBinaryComponents&quot;:false,&quot;strictCompatibility&quot;:true,&quot;locales&quot;:[],&quot;targetApplications&quot;:[{&quot;id&quot;:&quot;{ec8030f7-c20a-464f-9b0e-13a3a9e97384}&quot;,&quot;minVersion&quot;:&quot;48.0.2&quot;,&quot;maxVersion&quot;:&quot;48.0.2&quot;}],&quot;targetPlatforms&quot;:[],&quot;seen&quot;:true}
1472862480179	addons.xpi	DEBUG	getModTime: Recursive scan of {972ce4c6-7e08-4474-a285-3208198ce6fd}
1472862480180	DeferredSave.extensions.json	DEBUG	Save changes
1472862480180	addons.xpi	DEBUG	Updating database with changes to installed add-ons
1472862480180	addons.xpi-utils	DEBUG	Updating add-on states
1472862480180	addons.xpi-utils	DEBUG	Writing add-ons list
1472862480181	addons.xpi	DEBUG	Registering manifest for /Applications/Firefox.app/Contents/Resources/browser/features/e10srollout@mozilla.org.xpi
1472862480182	addons.xpi	DEBUG	Calling bootstrap method startup on e10srollout@mozilla.org version 1.1
1472862480182	addons.xpi	DEBUG	Registering manifest for /Applications/Firefox.app/Contents/Resources/browser/features/firefox@getpocket.com.xpi
1472862480182	addons.xpi	DEBUG	Calling bootstrap method startup on firefox@getpocket.com version 1.0.4
1472862480183	addons.xpi	DEBUG	Registering manifest for /Applications/Firefox.app/Contents/Resources/browser/features/loop@mozilla.org.xpi
1472862480183	addons.xpi	DEBUG	Calling bootstrap method startup on loop@mozilla.org version 1.4.4
1472862480199	addons.manager	DEBUG	Registering shutdown blocker for XPIProvider
1472862480199	addons.manager	DEBUG	Provider finished startup: XPIProvider
1472862480199	addons.manager	DEBUG	Starting provider: LightweightThemeManager
1472862480199	addons.manager	DEBUG	Registering shutdown blocker for LightweightThemeManager
1472862480199	addons.manager	DEBUG	Provider finished startup: LightweightThemeManager
1472862480199	addons.manager	DEBUG	Starting provider: GMPProvider
1472862480204	addons.manager	DEBUG	Registering shutdown blocker for GMPProvider
1472862480204	addons.manager	DEBUG	Provider finished startup: GMPProvider
1472862480204	addons.manager	DEBUG	Starting provider: PluginProvider
1472862480204	addons.manager	DEBUG	Registering shutdown blocker for PluginProvider
1472862480204	addons.manager	DEBUG	Provider finished startup: PluginProvider
1472862480205	addons.manager	DEBUG	Completed startup sequence
1472862480483	addons.manager	DEBUG	Starting provider: &lt;unnamed-provider&gt;
1472862480483	addons.manager	DEBUG	Registering shutdown blocker for &lt;unnamed-provider&gt;
1472862480483	addons.manager	DEBUG	Provider finished startup: &lt;unnamed-provider&gt;
1472862480484	DeferredSave.extensions.json	DEBUG	Starting write
1472862480568	addons.repository	DEBUG	No addons.json found.
1472862480569	DeferredSave.addons.json	DEBUG	Save changes
1472862480572	DeferredSave.addons.json	DEBUG	Starting timer
1472862480618	addons.manager	DEBUG	Starting provider: PreviousExperimentProvider
1472862480618	addons.manager	DEBUG	Registering shutdown blocker for PreviousExperimentProvider
1472862480618	addons.manager	DEBUG	Provider finished startup: PreviousExperimentProvider
1472862480620	DeferredSave.extensions.json	DEBUG	Write succeeded
1472862480621	addons.xpi-utils	DEBUG	XPI Database saved, setting schema version preference to 17
1472862480628	DeferredSave.addons.json	DEBUG	Starting write
1472862480649	DeferredSave.addons.json	DEBUG	Write succeeded

Build info: version: &#039;unknown&#039;, revision: &#039;31c43c8&#039;, time: &#039;2016-08-02 21:57:56 -0700&#039;
System info: host: &#039;DELC02N11GPFD57.sea.corp.expecn.com&#039;, ip: &#039;127.0.0.1&#039;, os.name: &#039;Mac OS X&#039;, os.arch: &#039;x86_64&#039;, os.version: &#039;10.11.6&#039;, java.version: &#039;1.8.0_73&#039;
Driver info: driver.version: FirefoxDriver">
      <![CDATA[org.openqa.selenium.WebDriverException: Failed to connect to binary FirefoxBinary(/Applications/Firefox.app/Contents/MacOS/firefox-bin) on port 7055; process output follows: 
-a285-3208198ce6fd}","syncGUID":"ZTyo283v6q5H","location":"app-global","version":"48.0.2","type":"theme","internalName":"classic/1.0","updateURL":null,"updateKey":null,"optionsURL":null,"optionsType":null,"aboutURL":null,"icons":{"32":"icon.png","48":"icon.png"},"iconURL":null,"icon64URL":null,"defaultLocale":{"name":"Default","description":"The default theme.","creator":"Mozilla","homepageURL":null,"contributors":["Mozilla Contributors"]},"visible":true,"active":true,"userDisabled":false,"appDisabled":false,"descriptor":"/Applications/Firefox.app/Contents/Resources/browser/extensions/{972ce4c6-7e08-4474-a285-3208198ce6fd}.xpi","installDate":1471986202000,"updateDate":1471986202000,"applyBackgroundUpdates":1,"skinnable":true,"size":7140,"sourceURI":null,"releaseNotesURI":null,"softDisabled":false,"foreignInstall":false,"hasBinaryComponents":false,"strictCompatibility":true,"locales":[],"targetApplications":[{"id":"{ec8030f7-c20a-464f-9b0e-13a3a9e97384}","minVersion":"48.0.2","maxVersion":"48.0.2"}],"targetPlatforms":[],"seen":true}
1472862480179	addons.xpi	DEBUG	getModTime: Recursive scan of {972ce4c6-7e08-4474-a285-3208198ce6fd}
1472862480180	DeferredSave.extensions.json	DEBUG	Save changes
1472862480180	addons.xpi	DEBUG	Updating database with changes to installed add-ons
1472862480180	addons.xpi-utils	DEBUG	Updating add-on states
1472862480180	addons.xpi-utils	DEBUG	Writing add-ons list
1472862480181	addons.xpi	DEBUG	Registering manifest for /Applications/Firefox.app/Contents/Resources/browser/features/e10srollout@mozilla.org.xpi
1472862480182	addons.xpi	DEBUG	Calling bootstrap method startup on e10srollout@mozilla.org version 1.1
1472862480182	addons.xpi	DEBUG	Registering manifest for /Applications/Firefox.app/Contents/Resources/browser/features/firefox@getpocket.com.xpi
1472862480182	addons.xpi	DEBUG	Calling bootstrap method startup on firefox@getpocket.com version 1.0.4
1472862480183	addons.xpi	DEBUG	Registering manifest for /Applications/Firefox.app/Contents/Resources/browser/features/loop@mozilla.org.xpi
1472862480183	addons.xpi	DEBUG	Calling bootstrap method startup on loop@mozilla.org version 1.4.4
1472862480199	addons.manager	DEBUG	Registering shutdown blocker for XPIProvider
1472862480199	addons.manager	DEBUG	Provider finished startup: XPIProvider
1472862480199	addons.manager	DEBUG	Starting provider: LightweightThemeManager
1472862480199	addons.manager	DEBUG	Registering shutdown blocker for LightweightThemeManager
1472862480199	addons.manager	DEBUG	Provider finished startup: LightweightThemeManager
1472862480199	addons.manager	DEBUG	Starting provider: GMPProvider
1472862480204	addons.manager	DEBUG	Registering shutdown blocker for GMPProvider
1472862480204	addons.manager	DEBUG	Provider finished startup: GMPProvider
1472862480204	addons.manager	DEBUG	Starting provider: PluginProvider
1472862480204	addons.manager	DEBUG	Registering shutdown blocker for PluginProvider
1472862480204	addons.manager	DEBUG	Provider finished startup: PluginProvider
1472862480205	addons.manager	DEBUG	Completed startup sequence
1472862480483	addons.manager	DEBUG	Starting provider: <unnamed-provider>
1472862480483	addons.manager	DEBUG	Registering shutdown blocker for <unnamed-provider>
1472862480483	addons.manager	DEBUG	Provider finished startup: <unnamed-provider>
1472862480484	DeferredSave.extensions.json	DEBUG	Starting write
1472862480568	addons.repository	DEBUG	No addons.json found.
1472862480569	DeferredSave.addons.json	DEBUG	Save changes
1472862480572	DeferredSave.addons.json	DEBUG	Starting timer
1472862480618	addons.manager	DEBUG	Starting provider: PreviousExperimentProvider
1472862480618	addons.manager	DEBUG	Registering shutdown blocker for PreviousExperimentProvider
1472862480618	addons.manager	DEBUG	Provider finished startup: PreviousExperimentProvider
1472862480620	DeferredSave.extensions.json	DEBUG	Write succeeded
1472862480621	addons.xpi-utils	DEBUG	XPI Database saved, setting schema version preference to 17
1472862480628	DeferredSave.addons.json	DEBUG	Starting write
1472862480649	DeferredSave.addons.json	DEBUG	Write succeeded

Build info: version: 'unknown', revision: '31c43c8', time: '2016-08-02 21:57:56 -0700'
System info: host: 'DELC02N11GPFD57.sea.corp.expecn.com', ip: '127.0.0.1', os.name: 'Mac OS X', os.arch: 'x86_64', os.version: '10.11.6', java.version: '1.8.0_73'
Driver info: driver.version: FirefoxDriver
	at org.openqa.selenium.firefox.internal.NewProfileExtensionConnection.start(NewProfileExtensionConnection.java:125)
	at org.openqa.selenium.firefox.FirefoxDriver.startClient(FirefoxDriver.java:315)
	at org.openqa.selenium.remote.RemoteWebDriver.<init>(RemoteWebDriver.java:118)
	at org.openqa.selenium.firefox.FirefoxDriver.<init>(FirefoxDriver.java:232)
	at org.openqa.selenium.firefox.FirefoxDriver.<init>(FirefoxDriver.java:220)
	at org.openqa.selenium.firefox.FirefoxDriver.<init>(FirefoxDriver.java:215)
	at org.openqa.selenium.firefox.FirefoxDriver.<init>(FirefoxDriver.java:132)
	at com.rawatJi.a2_CrossDomainPolicy.test(a2_CrossDomainPolicy.java:67)
	at sun.reflect.NativeMethodAccessorImpl.invoke0(Native Method)
	at sun.reflect.NativeMethodAccessorImpl.invoke(NativeMethodAccessorImpl.java:62)
	at sun.reflect.DelegatingMethodAccessorImpl.invoke(DelegatingMethodAccessorImpl.java:43)
	at java.lang.reflect.Method.invoke(Method.java:497)
	at org.testng.internal.MethodInvocationHelper.invokeMethod(MethodInvocationHelper.java:85)
	at org.testng.internal.Invoker.invokeMethod(Invoker.java:639)
	at org.testng.internal.Invoker.invokeTestMethod(Invoker.java:816)
	at org.testng.internal.Invoker.invokeTestMethods(Invoker.java:1124)
	at org.testng.internal.TestMethodWorker.invokeTestMethods(TestMethodWorker.java:125)
	at org.testng.internal.TestMethodWorker.run(TestMethodWorker.java:108)
	at org.testng.TestRunner.privateRun(TestRunner.java:774)
	at org.testng.TestRunner.run(TestRunner.java:624)
	at org.testng.SuiteRunner.runTest(SuiteRunner.java:359)
	at org.testng.SuiteRunner.runSequentially(SuiteRunner.java:354)
	at org.testng.SuiteRunner.privateRun(SuiteRunner.java:312)
	at org.testng.SuiteRunner.run(SuiteRunner.java:261)
	at org.testng.SuiteRunnerWorker.runSuite(SuiteRunnerWorker.java:52)
	at org.testng.SuiteRunnerWorker.run(SuiteRunnerWorker.java:86)
	at org.testng.TestNG.runSuitesSequentially(TestNG.java:1215)
	at org.testng.TestNG.runSuitesLocally(TestNG.java:1140)
	at org.testng.TestNG.run(TestNG.java:1048)
	at org.testng.remote.AbstractRemoteTestNG.run(AbstractRemoteTestNG.java:126)
	at org.testng.remote.RemoteTestNG.initAndRun(RemoteTestNG.java:172)
	at org.testng.remote.RemoteTestNG.main(RemoteTestNG.java:77)
Caused by: org.openqa.selenium.firefox.NotConnectedException: Unable to connect to host 127.0.0.1 on port 7055 after 45000 ms. Firefox console output:
-a285-3208198ce6fd}","syncGUID":"ZTyo283v6q5H","location":"app-global","version":"48.0.2","type":"theme","internalName":"classic/1.0","updateURL":null,"updateKey":null,"optionsURL":null,"optionsType":null,"aboutURL":null,"icons":{"32":"icon.png","48":"icon.png"},"iconURL":null,"icon64URL":null,"defaultLocale":{"name":"Default","description":"The default theme.","creator":"Mozilla","homepageURL":null,"contributors":["Mozilla Contributors"]},"visible":true,"active":true,"userDisabled":false,"appDisabled":false,"descriptor":"/Applications/Firefox.app/Contents/Resources/browser/extensions/{972ce4c6-7e08-4474-a285-3208198ce6fd}.xpi","installDate":1471986202000,"updateDate":1471986202000,"applyBackgroundUpdates":1,"skinnable":true,"size":7140,"sourceURI":null,"releaseNotesURI":null,"softDisabled":false,"foreignInstall":false,"hasBinaryComponents":false,"strictCompatibility":true,"locales":[],"targetApplications":[{"id":"{ec8030f7-c20a-464f-9b0e-13a3a9e97384}","minVersion":"48.0.2","maxVersion":"48.0.2"}],"targetPlatforms":[],"seen":true}
1472862480179	addons.xpi	DEBUG	getModTime: Recursive scan of {972ce4c6-7e08-4474-a285-3208198ce6fd}
1472862480180	DeferredSave.extensions.json	DEBUG	Save changes
1472862480180	addons.xpi	DEBUG	Updating database with changes to installed add-ons
1472862480180	addons.xpi-utils	DEBUG	Updating add-on states
1472862480180	addons.xpi-utils	DEBUG	Writing add-ons list
1472862480181	addons.xpi	DEBUG	Registering manifest for /Applications/Firefox.app/Contents/Resources/browser/features/e10srollout@mozilla.org.xpi
1472862480182	addons.xpi	DEBUG	Calling bootstrap method startup on e10srollout@mozilla.org version 1.1
1472862480182	addons.xpi	DEBUG	Registering manifest for /Applications/Firefox.app/Contents/Resources/browser/features/firefox@getpocket.com.xpi
1472862480182	addons.xpi	DEBUG	Calling bootstrap method startup on firefox@getpocket.com version 1.0.4
1472862480183	addons.xpi	DEBUG	Registering manifest for /Applications/Firefox.app/Contents/Resources/browser/features/loop@mozilla.org.xpi
1472862480183	addons.xpi	DEBUG	Calling bootstrap method startup on loop@mozilla.org version 1.4.4
1472862480199	addons.manager	DEBUG	Registering shutdown blocker for XPIProvider
1472862480199	addons.manager	DEBUG	Provider finished startup: XPIProvider
1472862480199	addons.manager	DEBUG	Starting provider: LightweightThemeManager
1472862480199	addons.manager	DEBUG	Registering shutdown blocker for LightweightThemeManager
1472862480199	addons.manager	DEBUG	Provider finished startup: LightweightThemeManager
1472862480199	addons.manager	DEBUG	Starting provider: GMPProvider
1472862480204	addons.manager	DEBUG	Registering shutdown blocker for GMPProvider
1472862480204	addons.manager	DEBUG	Provider finished startup: GMPProvider
1472862480204	addons.manager	DEBUG	Starting provider: PluginProvider
1472862480204	addons.manager	DEBUG	Registering shutdown blocker for PluginProvider
1472862480204	addons.manager	DEBUG	Provider finished startup: PluginProvider
1472862480205	addons.manager	DEBUG	Completed startup sequence
1472862480483	addons.manager	DEBUG	Starting provider: <unnamed-provider>
1472862480483	addons.manager	DEBUG	Registering shutdown blocker for <unnamed-provider>
1472862480483	addons.manager	DEBUG	Provider finished startup: <unnamed-provider>
1472862480484	DeferredSave.extensions.json	DEBUG	Starting write
1472862480568	addons.repository	DEBUG	No addons.json found.
1472862480569	DeferredSave.addons.json	DEBUG	Save changes
1472862480572	DeferredSave.addons.json	DEBUG	Starting timer
1472862480618	addons.manager	DEBUG	Starting provider: PreviousExperimentProvider
1472862480618	addons.manager	DEBUG	Registering shutdown blocker for PreviousExperimentProvider
1472862480618	addons.manager	DEBUG	Provider finished startup: PreviousExperimentProvider
1472862480620	DeferredSave.extensions.json	DEBUG	Write succeeded
1472862480621	addons.xpi-utils	DEBUG	XPI Database saved, setting schema version preference to 17
1472862480628	DeferredSave.addons.json	DEBUG	Starting write
1472862480649	DeferredSave.addons.json	DEBUG	Write succeeded

	at org.openqa.selenium.firefox.internal.NewProfileExtensionConnection.start(NewProfileExtensionConnection.java:113)
	... 31 more
]]>
    </error>
  </testcase> <!-- test -->
</testsuite> <!-- com.rawatJi.a2_CrossDomainPolicy -->
