<?xml version="1.0" encoding="UTF-8"?>
<!-- Generated by org.testng.reporters.JUnitReportReporter -->
<testsuite hostname="DELC02N11GPFD57.sea.corp.expecn.com" name="com.rawatJi.e5_SameOriginPolicy" tests="3" failures="0" timestamp="6 Sep 2016 08:28:07 GMT" time="242.553" errors="0">
  <testcase name="tess1" time="197.814" classname="com.rawatJi.e5_SameOriginPolicy"/>
  <testcase name="tess1" time="34.405" classname="com.rawatJi.e5_SameOriginPolicy"/>
  <testcase name="tess1" time="10.334" classname="com.rawatJi.e5_SameOriginPolicy"/>
</testsuite> <!-- com.rawatJi.e5_SameOriginPolicy -->
