<?xml version="1.0" encoding="UTF-8"?>
<!-- Generated by org.testng.reporters.JUnitReportReporter -->
<testsuite hostname="DELC02N11GPFD57.sea.corp.expecn.com" name="com.rawatJi.MoveVerticalScrollBar" tests="1" failures="0" timestamp="5 Sep 2016 15:16:32 GMT" time="26.137" errors="0">
  <testcase name="test" time="26.137" classname="com.rawatJi.MoveVerticalScrollBar"/>
</testsuite> <!-- com.rawatJi.MoveVerticalScrollBar -->
