<?xml version="1.0" encoding="UTF-8"?>
<!-- Generated by org.testng.reporters.JUnitReportReporter -->
<testsuite hostname="DELC02N11GPFD57.sea.corp.expecn.com" name="com.rawatJi.WaitImplcitExplicit" tests="1" failures="0" timestamp="6 Sep 2016 06:35:15 GMT" time="40.914" errors="0">
  <testcase name="test" time="40.914" classname="com.rawatJi.WaitImplcitExplicit"/>
</testsuite> <!-- com.rawatJi.WaitImplcitExplicit -->
